{"name": "Проверка выхода из аккаунта", "status": "broken", "statusDetails": {"message": "selenium.common.exceptions.TimeoutException: Message: \nStacktrace:\n\tGetHandleVerifier [0x00007FF698BA3AF5+28005]\n\t(No symbol) [0x00007FF698B083F0]\n\t(No symbol) [0x00007FF6989A580A]\n\t(No symbol) [0x00007FF6989F5A3E]\n\t(No symbol) [0x00007FF6989F5D2C]\n\t(No symbol) [0x00007FF698A3EA97]\n\t(No symbol) [0x00007FF698A1BA7F]\n\t(No symbol) [0x00007FF698A3B8B3]\n\t(No symbol) [0x00007FF698A1B7E3]\n\t(No symbol) [0x00007FF6989E75C8]\n\t(No symbol) [0x00007FF6989E8731]\n\tGetHandleVerifier [0x00007FF698E9646D+3118813]\n\tGetHandleVerifier [0x00007FF698EE6CC0+3448624]\n\tGetHandleVerifier [0x00007FF698EDCF3D+3408301]\n\tGetHandleVerifier [0x00007FF698C6A44B+841403]\n\t(No symbol) [0x00007FF698B1344F]\n\t(No symbol) [0x00007FF698B0F4C4]\n\t(No symbol) [0x00007FF698B0F65D]\n\t(No symbol) [0x00007FF698AFEBB9]\n\tBaseThreadInitThunk [0x00007FFFF6567374+20]\n\tRtlUserThreadStart [0x00007FFFF805CC91+33]", "trace": "self = <tests.test_personal_account.TestPersonalAccount object at 0x00000251FE7D9070>\ndriver = <selenium.webdriver.chrome.webdriver.WebDriver (session=\"d5a2d759069d5709c766925826546fde\")>\ncreate_new_user = ({'email': 'heather67@example.org', 'name': 'Pamela', 'password': 'OTLzSTdfuS'}, <Response [403]>), login_user = None\n\n    @allure.title('Проверка выхода из аккаунта')\n    def test_logout_personal_account(self, driver, create_new_user, login_user):\n        self.main_page.click_on_personal_account_link_header()\n>       self.login_page.find_element_with_wait_PROFILE_PERSONAL_ACC()\n\ntests\\test_personal_account.py:32: \n_ _ _ _ _ _ _ _ _ _ _ _ _ _ _ _ _ _ _ _ _ _ _ _ _ _ _ _ _ _ _ _ _ _ _ _ _ _ _ _ _ _ _ _ _ _ _ _ _ _ _ _ _ _ _ _ _ _ _ _ _ _ _ _ _ _ _ _ _ _ _ _ _ _ _ _ _ _ _ \npages\\login_page.py:62: in find_element_with_wait_PROFILE_PERSONAL_ACC\n    self.find_element_with_wait(LoginPageLocators.PROFILE_TEXT_PERSONAL_CABINET)\npages\\base_page.py:25: in find_element_with_wait\n    return self.wait.until(expected_conditions.visibility_of_element_located(locator))\n_ _ _ _ _ _ _ _ _ _ _ _ _ _ _ _ _ _ _ _ _ _ _ _ _ _ _ _ _ _ _ _ _ _ _ _ _ _ _ _ _ _ _ _ _ _ _ _ _ _ _ _ _ _ _ _ _ _ _ _ _ _ _ _ _ _ _ _ _ _ _ _ _ _ _ _ _ _ _ \n\nself = <selenium.webdriver.support.wait.WebDriverWait (session=\"d5a2d759069d5709c766925826546fde\")>\nmethod = <function visibility_of_element_located.<locals>._predicate at 0x00000251FE8C7EC0>, message = ''\n\n    def until(self, method: Callable[[D], Union[Literal[False], T]], message: str = \"\") -> T:\n        \"\"\"Calls the method provided with the driver as an argument until the \\\n        return value does not evaluate to ``False``.\n    \n        :param method: callable(WebDriver)\n        :param message: optional message for :exc:`TimeoutException`\n        :returns: the result of the last call to `method`\n        :raises: :exc:`selenium.common.exceptions.TimeoutException` if timeout occurs\n        \"\"\"\n        screen = None\n        stacktrace = None\n    \n        end_time = time.monotonic() + self._timeout\n        while True:\n            try:\n                value = method(self._driver)\n                if value:\n                    return value\n            except self._ignored_exceptions as exc:\n                screen = getattr(exc, \"screen\", None)\n                stacktrace = getattr(exc, \"stacktrace\", None)\n            time.sleep(self._poll)\n            if time.monotonic() > end_time:\n                break\n>       raise TimeoutException(message, screen, stacktrace)\nE       selenium.common.exceptions.TimeoutException: Message: \nE       Stacktrace:\nE       \tGetHandleVerifier [0x00007FF698BA3AF5+28005]\nE       \t(No symbol) [0x00007FF698B083F0]\nE       \t(No symbol) [0x00007FF6989A580A]\nE       \t(No symbol) [0x00007FF6989F5A3E]\nE       \t(No symbol) [0x00007FF6989F5D2C]\nE       \t(No symbol) [0x00007FF698A3EA97]\nE       \t(No symbol) [0x00007FF698A1BA7F]\nE       \t(No symbol) [0x00007FF698A3B8B3]\nE       \t(No symbol) [0x00007FF698A1B7E3]\nE       \t(No symbol) [0x00007FF6989E75C8]\nE       \t(No symbol) [0x00007FF6989E8731]\nE       \tGetHandleVerifier [0x00007FF698E9646D+3118813]\nE       \tGetHandleVerifier [0x00007FF698EE6CC0+3448624]\nE       \tGetHandleVerifier [0x00007FF698EDCF3D+3408301]\nE       \tGetHandleVerifier [0x00007FF698C6A44B+841403]\nE       \t(No symbol) [0x00007FF698B1344F]\nE       \t(No symbol) [0x00007FF698B0F4C4]\nE       \t(No symbol) [0x00007FF698B0F65D]\nE       \t(No symbol) [0x00007FF698AFEBB9]\nE       \tBaseThreadInitThunk [0x00007FFFF6567374+20]\nE       \tRtlUserThreadStart [0x00007FFFF805CC91+33]\n\n.venv\\Lib\\site-packages\\selenium\\webdriver\\support\\wait.py:105: TimeoutException"}, "steps": [{"name": "Клик по кнопке \"Личный кабинет0\" в хэдере", "status": "passed", "start": 1730656088763, "stop": 1730656089361}, {"name": "Личный кабинет. ждем отображения ссылки \"Профиль\"", "status": "broken", "statusDetails": {"message": "selenium.common.exceptions.TimeoutException: Message: \nStacktrace:\n\tGetHandleVerifier [0x00007FF698BA3AF5+28005]\n\t(No symbol) [0x00007FF698B083F0]\n\t(No symbol) [0x00007FF6989A580A]\n\t(No symbol) [0x00007FF6989F5A3E]\n\t(No symbol) [0x00007FF6989F5D2C]\n\t(No symbol) [0x00007FF698A3EA97]\n\t(No symbol) [0x00007FF698A1BA7F]\n\t(No symbol) [0x00007FF698A3B8B3]\n\t(No symbol) [0x00007FF698A1B7E3]\n\t(No symbol) [0x00007FF6989E75C8]\n\t(No symbol) [0x00007FF6989E8731]\n\tGetHandleVerifier [0x00007FF698E9646D+3118813]\n\tGetHandleVerifier [0x00007FF698EE6CC0+3448624]\n\tGetHandleVerifier [0x00007FF698EDCF3D+3408301]\n\tGetHandleVerifier [0x00007FF698C6A44B+841403]\n\t(No symbol) [0x00007FF698B1344F]\n\t(No symbol) [0x00007FF698B0F4C4]\n\t(No symbol) [0x00007FF698B0F65D]\n\t(No symbol) [0x00007FF698AFEBB9]\n\tBaseThreadInitThunk [0x00007FFFF6567374+20]\n\tRtlUserThreadStart [0x00007FFFF805CC91+33]\n\n", "trace": "  File \"C:\\Users\\LIDA\\avtotest\\Diplom\\Diplom_3\\.venv\\Lib\\site-packages\\allure_commons\\_allure.py\", line 192, in impl\n    return func(*a, **kw)\n           ^^^^^^^^^^^^^^\n  File \"C:\\Users\\LIDA\\avtotest\\Diplom\\Diplom_3\\pages\\login_page.py\", line 62, in find_element_with_wait_PROFILE_PERSONAL_ACC\n    self.find_element_with_wait(LoginPageLocators.PROFILE_TEXT_PERSONAL_CABINET)\n  File \"C:\\Users\\LIDA\\avtotest\\Diplom\\Diplom_3\\pages\\base_page.py\", line 25, in find_element_with_wait\n    return self.wait.until(expected_conditions.visibility_of_element_located(locator))\n           ^^^^^^^^^^^^^^^^^^^^^^^^^^^^^^^^^^^^^^^^^^^^^^^^^^^^^^^^^^^^^^^^^^^^^^^^^^^\n  File \"C:\\Users\\LIDA\\avtotest\\Diplom\\Diplom_3\\.venv\\Lib\\site-packages\\selenium\\webdriver\\support\\wait.py\", line 105, in until\n    raise TimeoutException(message, screen, stacktrace)\n"}, "start": 1730656089362, "stop": 1730656109652}], "parameters": [{"name": "driver", "value": "'chrome'"}], "start": 1730656088763, "stop": 1730656109654, "uuid": "6bdb8535-0188-4858-87d7-95bb6544433d", "historyId": "a95a4ab4355ace895ca4ea0d1b6dd611", "testCaseId": "4c77eb7c26a937f850d95dea79546719", "fullName": "tests.test_personal_account.TestPersonalAccount#test_logout_personal_account", "labels": [{"name": "parentSuite", "value": "tests"}, {"name": "suite", "value": "test_personal_account"}, {"name": "subSuite", "value": "TestPersonalAccount"}, {"name": "host", "value": "DESKTOP-J7NC26E"}, {"name": "thread", "value": "19036-MainThread"}, {"name": "framework", "value": "pytest"}, {"name": "language", "value": "cpython3"}, {"name": "package", "value": "tests.test_personal_account"}]}