{"uuid": "a83d7e29-f977-47d4-9c31-f071d9329e88", "children": ["b95090f0-0952-4e77-8dca-c70ea201ed43", "f88f0e4f-34b9-4c88-9c23-f77d44bf09c0"], "befores": [{"name": "make_order", "status": "broken", "statusDetails": {"message": "selenium.common.exceptions.NoSuchElementException: Message: no such element: Unable to locate element: {\"method\":\"xpath\",\"selector\":\".//img[@alt = 'Флюоресцентная булка R2-D3']\"}\n  (Session info: chrome=130.0.6723.92); For documentation on this error, please visit: https://www.selenium.dev/documentation/webdriver/troubleshooting/errors#no-such-element-exception\nStacktrace:\n\tGetHandleVerifier [0x00007FF698BA3AF5+28005]\n\t(No symbol) [0x00007FF698B083F0]\n\t(No symbol) [0x00007FF6989A580A]\n\t(No symbol) [0x00007FF6989F5A3E]\n\t(No symbol) [0x00007FF6989F5D2C]\n\t(No symbol) [0x00007FF698A3EA97]\n\t(No symbol) [0x00007FF698A1BA7F]\n\t(No symbol) [0x00007FF698A3B8B3]\n\t(No symbol) [0x00007FF698A1B7E3]\n\t(No symbol) [0x00007FF6989E75C8]\n\t(No symbol) [0x00007FF6989E8731]\n\tGetHandleVerifier [0x00007FF698E9646D+3118813]\n\tGetHandleVerifier [0x00007FF698EE6CC0+3448624]\n\tGetHandleVerifier [0x00007FF698EDCF3D+3408301]\n\tGetHandleVerifier [0x00007FF698C6A44B+841403]\n\t(No symbol) [0x00007FF698B1344F]\n\t(No symbol) [0x00007FF698B0F4C4]\n\t(No symbol) [0x00007FF698B0F65D]\n\t(No symbol) [0x00007FF698AFEBB9]\n\tBaseThreadInitThunk [0x00007FFFF6567374+20]\n\tRtlUserThreadStart [0x00007FFFF805CC91+33]\n\n", "trace": "  File \"C:\\Users\\LIDA\\avtotest\\Diplom\\Diplom_3\\.venv\\Lib\\site-packages\\pluggy\\_callers.py\", line 167, in _multicall\n    teardown.throw(outcome._exception)\n  File \"C:\\Users\\LIDA\\avtotest\\Diplom\\Diplom_3\\.venv\\Lib\\site-packages\\_pytest\\setuponly.py\", line 36, in pytest_fixture_setup\n    return (yield)\n            ^^^^^\n  File \"C:\\Users\\LIDA\\avtotest\\Diplom\\Diplom_3\\.venv\\Lib\\site-packages\\pluggy\\_callers.py\", line 103, in _multicall\n    res = hook_impl.function(*args)\n          ^^^^^^^^^^^^^^^^^^^^^^^^^\n  File \"C:\\Users\\LIDA\\avtotest\\Diplom\\Diplom_3\\.venv\\Lib\\site-packages\\_pytest\\fixtures.py\", line 1140, in pytest_fixture_setup\n    result = call_fixture_func(fixturefunc, request, kwargs)\n             ^^^^^^^^^^^^^^^^^^^^^^^^^^^^^^^^^^^^^^^^^^^^^^^\n  File \"C:\\Users\\LIDA\\avtotest\\Diplom\\Diplom_3\\.venv\\Lib\\site-packages\\_pytest\\fixtures.py\", line 898, in call_fixture_func\n    fixture_result = fixturefunc(**kwargs)\n                     ^^^^^^^^^^^^^^^^^^^^^\n  File \"C:\\Users\\LIDA\\avtotest\\Diplom\\Diplom_3\\conftest.py\", line 48, in make_order\n    main_page.drug_and_drop_element_bread_R2_D3_in_basket_list()\n  File \"C:\\Users\\LIDA\\avtotest\\Diplom\\Diplom_3\\.venv\\Lib\\site-packages\\allure_commons\\_allure.py\", line 192, in impl\n    return func(*a, **kw)\n           ^^^^^^^^^^^^^^\n  File \"C:\\Users\\LIDA\\avtotest\\Diplom\\Diplom_3\\pages\\main_page.py\", line 87, in drug_and_drop_element_bread_R2_D3_in_basket_list\n    self.drug_and_drop_element(MainPageLocators.fluorescent_bun_for_dropping, MainPageLocators.BASKET_LIST_AREA)\n  File \"C:\\Users\\LIDA\\avtotest\\Diplom\\Diplom_3\\pages\\base_page.py\", line 53, in drug_and_drop_element\n    source_element = self.driver.find_element(*element_one)\n                     ^^^^^^^^^^^^^^^^^^^^^^^^^^^^^^^^^^^^^^\n  File \"C:\\Users\\LIDA\\avtotest\\Diplom\\Diplom_3\\.venv\\Lib\\site-packages\\selenium\\webdriver\\remote\\webdriver.py\", line 748, in find_element\n    return self.execute(Command.FIND_ELEMENT, {\"using\": by, \"value\": value})[\"value\"]\n           ^^^^^^^^^^^^^^^^^^^^^^^^^^^^^^^^^^^^^^^^^^^^^^^^^^^^^^^^^^^^^^^^^\n  File \"C:\\Users\\LIDA\\avtotest\\Diplom\\Diplom_3\\.venv\\Lib\\site-packages\\selenium\\webdriver\\remote\\webdriver.py\", line 354, in execute\n    self.error_handler.check_response(response)\n  File \"C:\\Users\\LIDA\\avtotest\\Diplom\\Diplom_3\\.venv\\Lib\\site-packages\\selenium\\webdriver\\remote\\errorhandler.py\", line 229, in check_response\n    raise exception_class(message, screen, stacktrace)\n"}, "steps": [{"name": "Drug and drop лемента булочка x в корзину", "status": "broken", "statusDetails": {"message": "selenium.common.exceptions.NoSuchElementException: Message: no such element: Unable to locate element: {\"method\":\"xpath\",\"selector\":\".//img[@alt = 'Флюоресцентная булка R2-D3']\"}\n  (Session info: chrome=130.0.6723.92); For documentation on this error, please visit: https://www.selenium.dev/documentation/webdriver/troubleshooting/errors#no-such-element-exception\nStacktrace:\n\tGetHandleVerifier [0x00007FF698BA3AF5+28005]\n\t(No symbol) [0x00007FF698B083F0]\n\t(No symbol) [0x00007FF6989A580A]\n\t(No symbol) [0x00007FF6989F5A3E]\n\t(No symbol) [0x00007FF6989F5D2C]\n\t(No symbol) [0x00007FF698A3EA97]\n\t(No symbol) [0x00007FF698A1BA7F]\n\t(No symbol) [0x00007FF698A3B8B3]\n\t(No symbol) [0x00007FF698A1B7E3]\n\t(No symbol) [0x00007FF6989E75C8]\n\t(No symbol) [0x00007FF6989E8731]\n\tGetHandleVerifier [0x00007FF698E9646D+3118813]\n\tGetHandleVerifier [0x00007FF698EE6CC0+3448624]\n\tGetHandleVerifier [0x00007FF698EDCF3D+3408301]\n\tGetHandleVerifier [0x00007FF698C6A44B+841403]\n\t(No symbol) [0x00007FF698B1344F]\n\t(No symbol) [0x00007FF698B0F4C4]\n\t(No symbol) [0x00007FF698B0F65D]\n\t(No symbol) [0x00007FF698AFEBB9]\n\tBaseThreadInitThunk [0x00007FFFF6567374+20]\n\tRtlUserThreadStart [0x00007FFFF805CC91+33]\n\n", "trace": "  File \"C:\\Users\\LIDA\\avtotest\\Diplom\\Diplom_3\\.venv\\Lib\\site-packages\\allure_commons\\_allure.py\", line 192, in impl\n    return func(*a, **kw)\n           ^^^^^^^^^^^^^^\n  File \"C:\\Users\\LIDA\\avtotest\\Diplom\\Diplom_3\\pages\\main_page.py\", line 87, in drug_and_drop_element_bread_R2_D3_in_basket_list\n    self.drug_and_drop_element(MainPageLocators.fluorescent_bun_for_dropping, MainPageLocators.BASKET_LIST_AREA)\n  File \"C:\\Users\\LIDA\\avtotest\\Diplom\\Diplom_3\\pages\\base_page.py\", line 53, in drug_and_drop_element\n    source_element = self.driver.find_element(*element_one)\n                     ^^^^^^^^^^^^^^^^^^^^^^^^^^^^^^^^^^^^^^\n  File \"C:\\Users\\LIDA\\avtotest\\Diplom\\Diplom_3\\.venv\\Lib\\site-packages\\selenium\\webdriver\\remote\\webdriver.py\", line 748, in find_element\n    return self.execute(Command.FIND_ELEMENT, {\"using\": by, \"value\": value})[\"value\"]\n           ^^^^^^^^^^^^^^^^^^^^^^^^^^^^^^^^^^^^^^^^^^^^^^^^^^^^^^^^^^^^^^^^^\n  File \"C:\\Users\\LIDA\\avtotest\\Diplom\\Diplom_3\\.venv\\Lib\\site-packages\\selenium\\webdriver\\remote\\webdriver.py\", line 354, in execute\n    self.error_handler.check_response(response)\n  File \"C:\\Users\\LIDA\\avtotest\\Diplom\\Diplom_3\\.venv\\Lib\\site-packages\\selenium\\webdriver\\remote\\errorhandler.py\", line 229, in check_response\n    raise exception_class(message, screen, stacktrace)\n"}, "start": 1730655419508, "stop": 1730655419547}], "start": 1730655419508, "stop": 1730655419549}], "start": 1730655419508, "stop": 1730655419815}