{"name": "роверка - при создании нового заказа счётчик Выполнено за сегодня увеличивается", "status": "broken", "statusDetails": {"message": "selenium.common.exceptions.TimeoutException: Message: \nStacktrace:\n\tGetHandleVerifier [0x00007FF698BA3AF5+28005]\n\t(No symbol) [0x00007FF698B083F0]\n\t(No symbol) [0x00007FF6989A580A]\n\t(No symbol) [0x00007FF6989F5A3E]\n\t(No symbol) [0x00007FF6989F5D2C]\n\t(No symbol) [0x00007FF698A3EA97]\n\t(No symbol) [0x00007FF698A1BA7F]\n\t(No symbol) [0x00007FF698A3B8B3]\n\t(No symbol) [0x00007FF698A1B7E3]\n\t(No symbol) [0x00007FF6989E75C8]\n\t(No symbol) [0x00007FF6989E8731]\n\tGetHandleVerifier [0x00007FF698E9646D+3118813]\n\tGetHandleVerifier [0x00007FF698EE6CC0+3448624]\n\tGetHandleVerifier [0x00007FF698EDCF3D+3408301]\n\tGetHandleVerifier [0x00007FF698C6A44B+841403]\n\t(No symbol) [0x00007FF698B1344F]\n\t(No symbol) [0x00007FF698B0F4C4]\n\t(No symbol) [0x00007FF698B0F65D]\n\t(No symbol) [0x00007FF698AFEBB9]\n\tBaseThreadInitThunk [0x00007FFFF6567374+20]\n\tRtlUserThreadStart [0x00007FFFF805CC91+33]", "trace": "self = <tests.test_list_of_order.TestListOfOrder object at 0x00000251FE78E750>\ndriver = <selenium.webdriver.chrome.webdriver.WebDriver (session=\"255f124ec9a5f0962d42571cad671349\")>\ncreate_new_user = ({'email': 'imassey@example.net', 'name': 'Angela', 'password': 'WfCWdaBjme'}, <Response [200]>), login_user = None\n\n    @allure.title('роверка - при создании нового заказа счётчик Выполнено за сегодня увеличивается')\n    def test_make_order_counter_of_today_orders_increase(self, driver, create_new_user, login_user):\n        self.main_page.open_url()\n        self.main_page.click_on_list_of_order_link_header()\n        counter_element_before_order = self.list_of_order_page.find_element_with_wait_text_number_off_orders_for_today()\n        initial_counter_value = int(counter_element_before_order.text)\n        self.main_page.click_on_collect_burger_button_header()\n        self.main_page.drug_and_drop_element_bread_R2_D3_in_basket_list()\n>       self.main_page.click_on_make_order_button()\n\ntests\\test_list_of_order.py:59: \n_ _ _ _ _ _ _ _ _ _ _ _ _ _ _ _ _ _ _ _ _ _ _ _ _ _ _ _ _ _ _ _ _ _ _ _ _ _ _ _ _ _ _ _ _ _ _ _ _ _ _ _ _ _ _ _ _ _ _ _ _ _ _ _ _ _ _ _ _ _ _ _ _ _ _ _ _ _ _ \npages\\main_page.py:71: in click_on_make_order_button\n    self.click_on_element(MainPageLocators.MAKE_ORDER_BUTTON)\npages\\base_page.py:32: in click_on_element\n    element = self.find_element_with_wait(locator)\npages\\base_page.py:25: in find_element_with_wait\n    return self.wait.until(expected_conditions.visibility_of_element_located(locator))\n_ _ _ _ _ _ _ _ _ _ _ _ _ _ _ _ _ _ _ _ _ _ _ _ _ _ _ _ _ _ _ _ _ _ _ _ _ _ _ _ _ _ _ _ _ _ _ _ _ _ _ _ _ _ _ _ _ _ _ _ _ _ _ _ _ _ _ _ _ _ _ _ _ _ _ _ _ _ _ \n\nself = <selenium.webdriver.support.wait.WebDriverWait (session=\"255f124ec9a5f0962d42571cad671349\")>\nmethod = <function visibility_of_element_located.<locals>._predicate at 0x00000251FE7979C0>, message = ''\n\n    def until(self, method: Callable[[D], Union[Literal[False], T]], message: str = \"\") -> T:\n        \"\"\"Calls the method provided with the driver as an argument until the \\\n        return value does not evaluate to ``False``.\n    \n        :param method: callable(WebDriver)\n        :param message: optional message for :exc:`TimeoutException`\n        :returns: the result of the last call to `method`\n        :raises: :exc:`selenium.common.exceptions.TimeoutException` if timeout occurs\n        \"\"\"\n        screen = None\n        stacktrace = None\n    \n        end_time = time.monotonic() + self._timeout\n        while True:\n            try:\n                value = method(self._driver)\n                if value:\n                    return value\n            except self._ignored_exceptions as exc:\n                screen = getattr(exc, \"screen\", None)\n                stacktrace = getattr(exc, \"stacktrace\", None)\n            time.sleep(self._poll)\n            if time.monotonic() > end_time:\n                break\n>       raise TimeoutException(message, screen, stacktrace)\nE       selenium.common.exceptions.TimeoutException: Message: \nE       Stacktrace:\nE       \tGetHandleVerifier [0x00007FF698BA3AF5+28005]\nE       \t(No symbol) [0x00007FF698B083F0]\nE       \t(No symbol) [0x00007FF6989A580A]\nE       \t(No symbol) [0x00007FF6989F5A3E]\nE       \t(No symbol) [0x00007FF6989F5D2C]\nE       \t(No symbol) [0x00007FF698A3EA97]\nE       \t(No symbol) [0x00007FF698A1BA7F]\nE       \t(No symbol) [0x00007FF698A3B8B3]\nE       \t(No symbol) [0x00007FF698A1B7E3]\nE       \t(No symbol) [0x00007FF6989E75C8]\nE       \t(No symbol) [0x00007FF6989E8731]\nE       \tGetHandleVerifier [0x00007FF698E9646D+3118813]\nE       \tGetHandleVerifier [0x00007FF698EE6CC0+3448624]\nE       \tGetHandleVerifier [0x00007FF698EDCF3D+3408301]\nE       \tGetHandleVerifier [0x00007FF698C6A44B+841403]\nE       \t(No symbol) [0x00007FF698B1344F]\nE       \t(No symbol) [0x00007FF698B0F4C4]\nE       \t(No symbol) [0x00007FF698B0F65D]\nE       \t(No symbol) [0x00007FF698AFEBB9]\nE       \tBaseThreadInitThunk [0x00007FFFF6567374+20]\nE       \tRtlUserThreadStart [0x00007FFFF805CC91+33]\n\n.venv\\Lib\\site-packages\\selenium\\webdriver\\support\\wait.py:105: TimeoutException"}, "steps": [{"name": "Клик по ссылке \"Лента Заказов\" в хэдере", "status": "passed", "start": 1730655485346, "stop": 1730655485929}, {"name": "Клик по кнопке \"Конструктор\" в хэдере", "status": "passed", "start": 1730655486516, "stop": 1730655486659}, {"name": "Drug and drop лемента булочка x в корзину", "status": "passed", "start": 1730655486659, "stop": 1730655487305}, {"name": "Клик по кнопке \"Оформить заказ\"", "status": "broken", "statusDetails": {"message": "selenium.common.exceptions.TimeoutException: Message: \nStacktrace:\n\tGetHandleVerifier [0x00007FF698BA3AF5+28005]\n\t(No symbol) [0x00007FF698B083F0]\n\t(No symbol) [0x00007FF6989A580A]\n\t(No symbol) [0x00007FF6989F5A3E]\n\t(No symbol) [0x00007FF6989F5D2C]\n\t(No symbol) [0x00007FF698A3EA97]\n\t(No symbol) [0x00007FF698A1BA7F]\n\t(No symbol) [0x00007FF698A3B8B3]\n\t(No symbol) [0x00007FF698A1B7E3]\n\t(No symbol) [0x00007FF6989E75C8]\n\t(No symbol) [0x00007FF6989E8731]\n\tGetHandleVerifier [0x00007FF698E9646D+3118813]\n\tGetHandleVerifier [0x00007FF698EE6CC0+3448624]\n\tGetHandleVerifier [0x00007FF698EDCF3D+3408301]\n\tGetHandleVerifier [0x00007FF698C6A44B+841403]\n\t(No symbol) [0x00007FF698B1344F]\n\t(No symbol) [0x00007FF698B0F4C4]\n\t(No symbol) [0x00007FF698B0F65D]\n\t(No symbol) [0x00007FF698AFEBB9]\n\tBaseThreadInitThunk [0x00007FFFF6567374+20]\n\tRtlUserThreadStart [0x00007FFFF805CC91+33]\n\n", "trace": "  File \"C:\\Users\\LIDA\\avtotest\\Diplom\\Diplom_3\\.venv\\Lib\\site-packages\\allure_commons\\_allure.py\", line 192, in impl\n    return func(*a, **kw)\n           ^^^^^^^^^^^^^^\n  File \"C:\\Users\\LIDA\\avtotest\\Diplom\\Diplom_3\\pages\\main_page.py\", line 71, in click_on_make_order_button\n    self.click_on_element(MainPageLocators.MAKE_ORDER_BUTTON)\n  File \"C:\\Users\\LIDA\\avtotest\\Diplom\\Diplom_3\\pages\\base_page.py\", line 32, in click_on_element\n    element = self.find_element_with_wait(locator)\n              ^^^^^^^^^^^^^^^^^^^^^^^^^^^^^^^^^^^^\n  File \"C:\\Users\\LIDA\\avtotest\\Diplom\\Diplom_3\\pages\\base_page.py\", line 25, in find_element_with_wait\n    return self.wait.until(expected_conditions.visibility_of_element_located(locator))\n           ^^^^^^^^^^^^^^^^^^^^^^^^^^^^^^^^^^^^^^^^^^^^^^^^^^^^^^^^^^^^^^^^^^^^^^^^^^^\n  File \"C:\\Users\\LIDA\\avtotest\\Diplom\\Diplom_3\\.venv\\Lib\\site-packages\\selenium\\webdriver\\support\\wait.py\", line 105, in until\n    raise TimeoutException(message, screen, stacktrace)\n"}, "start": 1730655487305, "stop": 1730655507574}], "parameters": [{"name": "driver", "value": "'chrome'"}], "start": 1730655485197, "stop": 1730655507576, "uuid": "cc15df77-ced8-4c1c-9c7c-9ff5db492ec4", "historyId": "efe3f3da5f84abbb7affdc696a0b0654", "testCaseId": "6c00261d245ebb4d371737d790cadfb7", "fullName": "tests.test_list_of_order.TestListOfOrder#test_make_order_counter_of_today_orders_increase", "labels": [{"name": "parentSuite", "value": "tests"}, {"name": "suite", "value": "test_list_of_order"}, {"name": "subSuite", "value": "TestListOfOrder"}, {"name": "host", "value": "DESKTOP-J7NC26E"}, {"name": "thread", "value": "19036-MainThread"}, {"name": "framework", "value": "pytest"}, {"name": "language", "value": "cpython3"}, {"name": "package", "value": "tests.test_list_of_order"}]}